<?xml version="1.0" encoding="UTF-8"?>
<!-- Generated by org.testng.reporters.JUnitReportReporter -->
<testsuite hostname="IN-CKH9WP3" failures="0" tests="1" name="testClasses.DemoTestNGClassFirst" time="0.002" errors="0" timestamp="2025-02-14T13:57:53 IST" skipped="0">
  <testcase classname="testClasses.DemoTestNGClassFirst" name="TestFirst" time="0.002"/>
</testsuite> <!-- testClasses.DemoTestNGClassFirst -->
