<?xml version="1.0" encoding="UTF-8"?>
<!-- Generated by org.testng.reporters.JUnitReportReporter -->
<testsuite hostname="IN-CKH9WP3" failures="0" tests="2" name="testClasses.DemoTestNGClass" time="0.010" errors="0" timestamp="2025-02-14T10:07:10 IST" skipped="0">
  <testcase classname="testClasses.DemoTestNGClass" name="login1" time="0.005"/>
  <testcase classname="testClasses.DemoTestNGClass" name="login" time="0.005"/>
</testsuite> <!-- testClasses.DemoTestNGClass -->
